<?xml version="1.0" encoding="UTF-8"?>
<!-- Generated by org.testng.reporters.JUnitReportReporter -->
<testsuite hostname="Kakon" failures="0" tests="5" name="TestCases.LoginTest" time="17.016" errors="0" timestamp="2025-09-01T15:01:56 BDT" skipped="0">
  <testcase classname="TestCases.LoginTest" name="LoginValCred" time="3.459"/>
  <testcase classname="TestCases.LoginTest" name="LoginInvUname" time="3.420"/>
  <testcase classname="TestCases.LoginTest" name="LoginInvPass" time="3.070"/>
  <testcase classname="TestCases.LoginTest" name="LoginInvUnamePass" time="2.878"/>
  <testcase classname="TestCases.LoginTest" name="LoginWithoutCred" time="4.189"/>
</testsuite> <!-- TestCases.LoginTest -->
